<?xml version="1.0" encoding="UTF-8"?>
<!-- Generated by org.testng.reporters.JUnitXMLReporter -->
<testsuite hostname="Khan" failures="0" tests="18" name="Test" time="0.231" errors="0" timestamp="9 Jan 2023 18:03:33 GMT">
  <testcase classname="TestPackage.FixedLoan" name="FixedLoanAPPLoging" time="0.02"/>
  <testcase classname="TestPackage.FixedLoan" name="FixedLoanBranch" time="0.004"/>
  <testcase classname="TestPackage.FixedLoan" name="FixedLoanWebloging" time="0.006"/>
  <testcase classname="TestPackage.CarLoan" name="CarLoanAPPLoging" time="0.003"/>
  <testcase classname="TestPackage.CarLoan" name="CarLoanBranch" time="0.003"/>
  <testcase classname="TestPackage.CarLoan" name="CarLoanWebloging" time="0.002"/>
  <testcase classname="TestPackage.FlexiLoan" name="FlexiLoanAPPLoging" time="0.003"/>
  <testcase classname="TestPackage.FlexiLoan" name="FlexiLoanBranch" time="0.002"/>
  <testcase classname="TestPackage.FlexiLoan" name="FlexiLoanWebloging" time="0.003"/>
  <testcase classname="TestPackage.CarBuy" name="CarBuyAPPLoging" time="0.016"/>
  <testcase classname="TestPackage.CarBuy" name="CarBuyBranch" time="0.011"/>
  <testcase classname="TestPackage.CarBuy" name="CarBuyWebloging" time="0.003"/>
  <testcase classname="TestPackage.MortgageLoan" name="MortgageLoanAPPLoging" time="0.003"/>
  <testcase classname="TestPackage.MortgageLoan" name="MortgageLoanBranch" time="0.007"/>
  <testcase classname="TestPackage.MortgageLoan" name="MortgageLoanWebloging" time="0.002"/>
  <testcase classname="TestPackage.SmartLaon" name="SmartLoanAPPLoging" time="0.001"/>
  <testcase classname="TestPackage.SmartLaon" name="SmartLoanBranch" time="0.011"/>
  <testcase classname="TestPackage.SmartLaon" name="SmartLoanWebloging" time="0.006"/>
</testsuite> <!-- Test -->
